[2024-03-14 12:24:51,714: INFO: main: Logging from main.py]
[2024-03-18 14:36:01,081: INFO: common: yaml file: /home/varun/Documents/TextSummarization/src/textSummarizer/config/configuration.py loaded successfully]
[2024-03-18 14:36:56,492: INFO: common: yaml file: /home/varun/Documents/TextSummarization/src/textSummarizer/config/configuration.py loaded successfully]
[2024-03-18 14:37:30,338: INFO: common: yaml file: /home/varun/Documents/TextSummarization/config/config.yaml loaded successfully]
[2024-03-18 14:38:02,131: INFO: common: yaml file: config/config.yaml loaded successfully]
[2024-03-18 14:41:28,359: INFO: common: yaml file: config/config.yaml loaded successfully]
[2024-03-18 14:41:33,412: INFO: common: yaml file: config/config.yaml loaded successfully]
[2024-03-18 14:41:33,414: INFO: common: yaml file: params.yaml loaded successfully]
[2024-03-18 14:41:33,415: INFO: common: created directory at: artifacts]
[2024-03-18 14:41:33,416: INFO: common: created directory at: artifacts/data_ingestion]
[2024-03-18 14:41:35,279: INFO: 3541854288: artifacts/data_ingestion/summarizer-data.zip download! with following info: 
Connection: close
Content-Length: 7903594
Cache-Control: max-age=300
Content-Security-Policy: default-src 'none'; style-src 'unsafe-inline'; sandbox
Content-Type: application/zip
ETag: "dbc016a060da18070593b83afff580c9b300f0b6ea4147a7988433e04df246ca"
Strict-Transport-Security: max-age=31536000
X-Content-Type-Options: nosniff
X-Frame-Options: deny
X-XSS-Protection: 1; mode=block
X-GitHub-Request-Id: 9830:177EEB:1DC225:2920A7:65F80545
Accept-Ranges: bytes
Date: Mon, 18 Mar 2024 09:11:34 GMT
Via: 1.1 varnish
X-Served-By: cache-del21746-DEL
X-Cache: MISS
X-Cache-Hits: 0
X-Timer: S1710753094.921843,VS0,VE705
Vary: Authorization,Accept-Encoding,Origin
Access-Control-Allow-Origin: *
Cross-Origin-Resource-Policy: cross-origin
X-Fastly-Request-ID: 18c9bbcce687f4a6f3239ba50e892e43fbf15a17
Expires: Mon, 18 Mar 2024 09:16:34 GMT
Source-Age: 0

]
[2024-03-18 14:43:57,679: INFO: common: yaml file: config/config.yaml loaded successfully]
[2024-03-18 14:43:57,681: INFO: common: yaml file: params.yaml loaded successfully]
[2024-03-18 14:43:57,682: INFO: common: created directory at: artifacts]
[2024-03-18 14:43:57,682: INFO: common: created directory at: artifacts/data_ingestion]
[2024-03-18 14:43:57,683: INFO: 1090604987: File already exists of size: ~7718 KB]
[2024-03-18 14:44:17,145: INFO: common: yaml file: config/config.yaml loaded successfully]
[2024-03-18 14:44:17,147: INFO: common: yaml file: params.yaml loaded successfully]
[2024-03-18 14:44:17,147: INFO: common: created directory at: artifacts]
[2024-03-18 14:44:17,148: INFO: common: created directory at: artifacts/data_ingestion]
[2024-03-18 14:44:17,149: INFO: 2459005936: File already exists of size: ~7718 KB]
[2024-03-18 14:52:06,156: INFO: common: yaml file: config/config.yaml loaded successfully]
[2024-03-18 14:52:06,158: INFO: common: yaml file: params.yaml loaded successfully]
[2024-03-18 14:52:06,158: INFO: common: created directory at: artifacts]
[2024-03-18 14:52:06,159: INFO: common: created directory at: artifacts/data_ingestion]
[2024-03-18 14:52:06,160: INFO: 2459005936: File already exists of size: ~7718 KB]
[2024-03-18 15:27:10,861: INFO: main: >>>>>> stage Data Ingestion stage started <<<<<<]
[2024-03-18 15:27:10,862: INFO: common: yaml file: config/config.yaml loaded successfully]
[2024-03-18 15:27:10,862: INFO: common: yaml file: params.yaml loaded successfully]
[2024-03-18 15:27:10,862: INFO: common: created directory at: artifacts]
[2024-03-18 15:27:10,862: INFO: common: created directory at: artifacts/data_ingestion]
[2024-03-18 15:27:10,863: ERROR: main: name 'DataIngestion' is not defined]
Traceback (most recent call last):
  File "/home/varun/Documents/TextSummarization/main.py", line 8, in <module>
    data_ingestion.main()
  File "/home/varun/Documents/TextSummarization/src/textSummarizer/pipeline/satge_01_data_ingestion.py", line 13, in main
    data_ingestion = DataIngestion(config=data_ingestion_config)
NameError: name 'DataIngestion' is not defined
[2024-03-18 15:33:15,177: INFO: main: >>>>>> stage Data Ingestion stage started <<<<<<]
[2024-03-18 15:33:15,178: INFO: common: yaml file: config/config.yaml loaded successfully]
[2024-03-18 15:33:15,179: INFO: common: yaml file: params.yaml loaded successfully]
[2024-03-18 15:33:15,179: INFO: common: created directory at: artifacts]
[2024-03-18 15:33:15,179: INFO: common: created directory at: artifacts/data_ingestion]
[2024-03-18 15:33:17,769: INFO: data_ingestion: artifacts/data_ingestion/summarizer-data.zip download! with following info: 
Connection: close
Content-Length: 7903594
Cache-Control: max-age=300
Content-Security-Policy: default-src 'none'; style-src 'unsafe-inline'; sandbox
Content-Type: application/zip
ETag: "dbc016a060da18070593b83afff580c9b300f0b6ea4147a7988433e04df246ca"
Strict-Transport-Security: max-age=31536000
X-Content-Type-Options: nosniff
X-Frame-Options: deny
X-XSS-Protection: 1; mode=block
X-GitHub-Request-Id: 9830:177EEB:1DC225:2920A7:65F80545
Accept-Ranges: bytes
Date: Mon, 18 Mar 2024 10:03:17 GMT
Via: 1.1 varnish
X-Served-By: cache-del21744-DEL
X-Cache: HIT
X-Cache-Hits: 0
X-Timer: S1710756197.957097,VS0,VE283
Vary: Authorization,Accept-Encoding,Origin
Access-Control-Allow-Origin: *
Cross-Origin-Resource-Policy: cross-origin
X-Fastly-Request-ID: dfd4c4c43d3a825b111c9eac15b78647201c7a41
Expires: Mon, 18 Mar 2024 10:08:17 GMT
Source-Age: 0

]
[2024-03-18 15:33:17,875: INFO: main: >>>>>> stage Data Ingestion stage completed <<<<<<

x==========x]
[2024-03-18 15:34:01,284: INFO: main: >>>>>> stage Data Ingestion stage started <<<<<<]
[2024-03-18 15:34:01,284: INFO: common: yaml file: config/config.yaml loaded successfully]
[2024-03-18 15:34:01,285: INFO: common: yaml file: params.yaml loaded successfully]
[2024-03-18 15:34:01,285: INFO: common: created directory at: artifacts]
[2024-03-18 15:34:01,285: INFO: common: created directory at: artifacts/data_ingestion]
[2024-03-18 15:34:01,285: ERROR: main: name 'DataIngesion' is not defined]
Traceback (most recent call last):
  File "/home/varun/Documents/TextSummarization/main.py", line 8, in <module>
    data_ingestion.main()
  File "/home/varun/Documents/TextSummarization/src/textSummarizer/pipeline/satge_01_data_ingestion.py", line 12, in main
    data_ingestion = DataIngesion(config=data_ingestion_config)
NameError: name 'DataIngesion' is not defined
[2024-03-18 15:34:25,320: INFO: main: >>>>>> stage Data Ingestion stage started <<<<<<]
[2024-03-18 15:34:25,321: INFO: common: yaml file: config/config.yaml loaded successfully]
[2024-03-18 15:34:25,321: INFO: common: yaml file: params.yaml loaded successfully]
[2024-03-18 15:34:25,321: INFO: common: created directory at: artifacts]
[2024-03-18 15:34:25,322: INFO: common: created directory at: artifacts/data_ingestion]
[2024-03-18 15:34:26,007: INFO: data_ingestion: artifacts/data_ingestion/summarizer-data.zip download! with following info: 
Connection: close
Content-Length: 7903594
Cache-Control: max-age=300
Content-Security-Policy: default-src 'none'; style-src 'unsafe-inline'; sandbox
Content-Type: application/zip
ETag: "dbc016a060da18070593b83afff580c9b300f0b6ea4147a7988433e04df246ca"
Strict-Transport-Security: max-age=31536000
X-Content-Type-Options: nosniff
X-Frame-Options: deny
X-XSS-Protection: 1; mode=block
X-GitHub-Request-Id: 9830:177EEB:1DC225:2920A7:65F80545
Accept-Ranges: bytes
Date: Mon, 18 Mar 2024 10:04:25 GMT
Via: 1.1 varnish
X-Served-By: cache-del21750-DEL
X-Cache: HIT
X-Cache-Hits: 0
X-Timer: S1710756266.589639,VS0,VE1
Vary: Authorization,Accept-Encoding,Origin
Access-Control-Allow-Origin: *
Cross-Origin-Resource-Policy: cross-origin
X-Fastly-Request-ID: ce4d8c5196915a3db299efdb70424e5138f8798b
Expires: Mon, 18 Mar 2024 10:09:25 GMT
Source-Age: 68

]
[2024-03-18 15:34:26,122: INFO: main: >>>>>> stage Data Ingestion stage completed <<<<<<

x==========x]
[2024-03-21 11:43:47,355: INFO: common: yaml file: config/config.yaml loaded successfully]
[2024-03-21 11:43:47,363: INFO: common: yaml file: params.yaml loaded successfully]
[2024-03-21 11:43:47,365: INFO: common: created directory at: artifacts]
[2024-03-21 11:43:47,366: INFO: common: created directory at: artifacts/data_validation]
[2024-03-21 11:46:01,596: INFO: common: yaml file: config/config.yaml loaded successfully]
[2024-03-21 11:46:01,598: INFO: common: yaml file: params.yaml loaded successfully]
[2024-03-21 11:46:01,598: INFO: common: created directory at: artifacts]
[2024-03-21 11:46:01,599: INFO: common: created directory at: artifacts/data_validation]
[2024-03-21 11:46:08,075: INFO: common: yaml file: config/config.yaml loaded successfully]
[2024-03-21 11:46:08,077: INFO: common: yaml file: params.yaml loaded successfully]
[2024-03-21 11:46:08,077: INFO: common: created directory at: artifacts]
[2024-03-21 11:46:08,078: INFO: common: created directory at: artifacts/data_validation]
[2024-03-21 11:47:20,881: INFO: common: yaml file: config/config.yaml loaded successfully]
[2024-03-21 11:47:20,882: INFO: common: yaml file: params.yaml loaded successfully]
[2024-03-21 11:47:20,883: INFO: common: created directory at: artifacts]
[2024-03-21 11:47:20,883: INFO: common: created directory at: artifacts/data_validation]
[2024-03-21 11:47:49,955: INFO: common: yaml file: config/config.yaml loaded successfully]
[2024-03-21 11:47:52,656: INFO: common: yaml file: config/config.yaml loaded successfully]
[2024-03-21 11:47:52,657: INFO: common: yaml file: params.yaml loaded successfully]
[2024-03-21 11:47:52,664: INFO: common: created directory at: artifacts]
[2024-03-21 11:47:52,667: INFO: common: created directory at: artifacts/data_ingestion]
[2024-03-21 11:47:57,414: INFO: 2459005936: artifacts/data_ingestion/summarizer-data.zip download! with following info: 
Connection: close
Content-Length: 7903594
Cache-Control: max-age=300
Content-Security-Policy: default-src 'none'; style-src 'unsafe-inline'; sandbox
Content-Type: application/zip
ETag: "dbc016a060da18070593b83afff580c9b300f0b6ea4147a7988433e04df246ca"
Strict-Transport-Security: max-age=31536000
X-Content-Type-Options: nosniff
X-Frame-Options: deny
X-XSS-Protection: 1; mode=block
X-GitHub-Request-Id: 7FC8:2D9B30:28AF21:34778B:65FBD110
Accept-Ranges: bytes
Date: Thu, 21 Mar 2024 06:17:54 GMT
Via: 1.1 varnish
X-Served-By: cache-maa10238-MAA
X-Cache: MISS
X-Cache-Hits: 0
X-Timer: S1711001873.381133,VS0,VE708
Vary: Authorization,Accept-Encoding,Origin
Access-Control-Allow-Origin: *
Cross-Origin-Resource-Policy: cross-origin
X-Fastly-Request-ID: b5e34bcc380daf315ab764ffbcb2a23cca927f99
Expires: Thu, 21 Mar 2024 06:22:54 GMT
Source-Age: 0

]
[2024-03-21 11:48:22,311: INFO: common: yaml file: config/config.yaml loaded successfully]
[2024-03-21 11:48:22,312: INFO: common: yaml file: params.yaml loaded successfully]
[2024-03-21 11:48:22,312: INFO: common: created directory at: artifacts]
[2024-03-21 11:48:22,313: INFO: common: created directory at: artifacts/data_validation]
[2024-03-21 11:48:33,215: INFO: common: yaml file: config/config.yaml loaded successfully]
[2024-03-21 11:48:33,217: INFO: common: yaml file: params.yaml loaded successfully]
[2024-03-21 11:48:33,217: INFO: common: created directory at: artifacts]
[2024-03-21 11:48:33,218: INFO: common: created directory at: artifacts/data_validation]
[2024-03-21 11:50:05,040: INFO: common: yaml file: config/config.yaml loaded successfully]
[2024-03-21 11:50:08,893: INFO: common: yaml file: config/config.yaml loaded successfully]
[2024-03-21 11:50:08,895: INFO: common: yaml file: params.yaml loaded successfully]
[2024-03-21 11:50:08,896: INFO: common: created directory at: artifacts]
[2024-03-21 11:50:08,896: INFO: common: created directory at: artifacts/data_ingestion]
[2024-03-21 11:50:15,859: INFO: 2459005936: artifacts/data_ingestion/summarizer-data.zip download! with following info: 
Connection: close
Content-Length: 7903594
Cache-Control: max-age=300
Content-Security-Policy: default-src 'none'; style-src 'unsafe-inline'; sandbox
Content-Type: application/zip
ETag: "dbc016a060da18070593b83afff580c9b300f0b6ea4147a7988433e04df246ca"
Strict-Transport-Security: max-age=31536000
X-Content-Type-Options: nosniff
X-Frame-Options: deny
X-XSS-Protection: 1; mode=block
X-GitHub-Request-Id: 7FC8:2D9B30:28AF21:34778B:65FBD110
Accept-Ranges: bytes
Date: Thu, 21 Mar 2024 06:20:09 GMT
Via: 1.1 varnish
X-Served-By: cache-maa10241-MAA
X-Cache: HIT
X-Cache-Hits: 0
X-Timer: S1711002010.729417,VS0,VE1
Vary: Authorization,Accept-Encoding,Origin
Access-Control-Allow-Origin: *
Cross-Origin-Resource-Policy: cross-origin
X-Fastly-Request-ID: 07952ffaa3db355dce4a497b49f97d792c1ae864
Expires: Thu, 21 Mar 2024 06:25:09 GMT
Source-Age: 136

]
[2024-03-21 11:50:41,527: INFO: common: yaml file: config/config.yaml loaded successfully]
[2024-03-21 11:50:41,528: INFO: common: yaml file: params.yaml loaded successfully]
[2024-03-21 11:50:41,529: INFO: common: created directory at: artifacts]
[2024-03-21 11:50:41,529: INFO: common: created directory at: artifacts/data_validation]
[2024-03-21 12:13:33,453: INFO: main: >>>>>> stage Data Validation stage started <<<<<<]
[2024-03-21 12:13:33,454: INFO: common: yaml file: config/config.yaml loaded successfully]
[2024-03-21 12:13:33,455: INFO: common: yaml file: params.yaml loaded successfully]
[2024-03-21 12:13:33,455: INFO: common: created directory at: artifacts]
[2024-03-21 12:13:33,455: INFO: common: created directory at: artifacts/data_validation]
[2024-03-21 12:13:33,455: ERROR: main: local variable 'data_validation_config' referenced before assignment]
Traceback (most recent call last):
  File "/home/varun/Documents/TextSummarization/main.py", line 20, in <module>
    data_validation.main()
  File "/home/varun/Documents/TextSummarization/src/textSummarizer/pipeline/stage_02_data_validation.py", line 11, in main
    data_validation_config = config.get_data_validation_config()
  File "/home/varun/Documents/TextSummarization/src/textSummarizer/config/configuration.py", line 27, in get_data_validation_config
    data_validation_config = data_validation_config(
UnboundLocalError: local variable 'data_validation_config' referenced before assignment
[2024-03-21 12:15:21,863: INFO: main: >>>>>> stage Data Validation stage started <<<<<<]
[2024-03-21 12:15:21,864: INFO: common: yaml file: config/config.yaml loaded successfully]
[2024-03-21 12:15:21,865: INFO: common: yaml file: params.yaml loaded successfully]
[2024-03-21 12:15:21,865: INFO: common: created directory at: artifacts]
[2024-03-21 12:15:21,865: INFO: common: created directory at: artifacts/data_validation]
[2024-03-21 12:15:21,865: ERROR: main: [Errno 2] No such file or directory: 'artifacts/data_ingestion/samsum_dataset']
Traceback (most recent call last):
  File "/home/varun/Documents/TextSummarization/main.py", line 20, in <module>
    data_validation.main()
  File "/home/varun/Documents/TextSummarization/src/textSummarizer/pipeline/stage_02_data_validation.py", line 13, in main
    data_validation.validate_all_files_exist()
  File "/home/varun/Documents/TextSummarization/src/textSummarizer/components/data_validation.py", line 24, in validate_all_files_exist
    raise e
  File "/home/varun/Documents/TextSummarization/src/textSummarizer/components/data_validation.py", line 12, in validate_all_files_exist
    all_files = os.listdir(os.path.join("artifacts", "data_ingestion", "samsum_dataset"))
FileNotFoundError: [Errno 2] No such file or directory: 'artifacts/data_ingestion/samsum_dataset'
[2024-03-21 12:16:00,073: INFO: main: >>>>>> stage Data Ingestion stage started <<<<<<]
[2024-03-21 12:16:00,074: INFO: common: yaml file: config/config.yaml loaded successfully]
[2024-03-21 12:16:00,074: INFO: common: yaml file: params.yaml loaded successfully]
[2024-03-21 12:16:00,074: INFO: common: created directory at: artifacts]
[2024-03-21 12:16:00,074: INFO: common: created directory at: artifacts/data_ingestion]
[2024-03-21 12:16:04,270: INFO: data_ingestion: artifacts/data_ingestion/summarizer-data.zip download! with following info: 
Connection: close
Content-Length: 7903594
Cache-Control: max-age=300
Content-Security-Policy: default-src 'none'; style-src 'unsafe-inline'; sandbox
Content-Type: application/zip
ETag: "dbc016a060da18070593b83afff580c9b300f0b6ea4147a7988433e04df246ca"
Strict-Transport-Security: max-age=31536000
X-Content-Type-Options: nosniff
X-Frame-Options: deny
X-XSS-Protection: 1; mode=block
X-GitHub-Request-Id: 7FC8:2D9B30:28AF21:34778B:65FBD110
Accept-Ranges: bytes
Date: Thu, 21 Mar 2024 06:46:01 GMT
Via: 1.1 varnish
X-Served-By: cache-maa10237-MAA
X-Cache: HIT
X-Cache-Hits: 1
X-Timer: S1711003561.067131,VS0,VE269
Vary: Authorization,Accept-Encoding,Origin
Access-Control-Allow-Origin: *
Cross-Origin-Resource-Policy: cross-origin
X-Fastly-Request-ID: 9ab5c55280def805108a60e5200e6fb572495d35
Expires: Thu, 21 Mar 2024 06:51:01 GMT
Source-Age: 0

]
[2024-03-21 12:16:04,382: INFO: main: >>>>>> stage Data Ingestion stage completed <<<<<<

x==========x]
[2024-03-21 12:16:04,382: INFO: main: >>>>>> stage Data Validation stage started <<<<<<]
[2024-03-21 12:16:04,383: INFO: common: yaml file: config/config.yaml loaded successfully]
[2024-03-21 12:16:04,384: INFO: common: yaml file: params.yaml loaded successfully]
[2024-03-21 12:16:04,384: INFO: common: created directory at: artifacts]
[2024-03-21 12:16:04,384: INFO: common: created directory at: artifacts/data_validation]
[2024-03-21 12:16:04,384: INFO: main: >>>>>> stage Data Validation stage completed <<<<<<

x==========x]
[2024-03-21 13:11:54,680: INFO: config: PyTorch version 2.2.1 available.]
[2024-03-21 13:37:37,408: INFO: common: yaml file: config/config.yaml loaded successfully]
[2024-03-21 13:37:37,409: INFO: common: yaml file: params.yaml loaded successfully]
[2024-03-21 13:38:38,278: INFO: common: yaml file: config/config.yaml loaded successfully]
[2024-03-21 13:38:38,280: INFO: common: yaml file: params.yaml loaded successfully]
[2024-03-21 13:38:57,077: INFO: common: yaml file: config/config.yaml loaded successfully]
[2024-03-21 13:38:57,079: INFO: common: yaml file: params.yaml loaded successfully]
[2024-03-21 13:38:57,080: INFO: common: created directory at: artifacts]
[2024-03-21 13:40:27,001: INFO: common: yaml file: config/config.yaml loaded successfully]
[2024-03-21 13:40:27,002: INFO: common: yaml file: params.yaml loaded successfully]
[2024-03-21 13:40:27,002: INFO: common: created directory at: artifacts]
[2024-03-21 13:40:27,003: INFO: common: created directory at: artifacts]
[2024-03-21 13:40:56,213: INFO: common: yaml file: config/config.yaml loaded successfully]
[2024-03-21 13:40:56,214: INFO: common: yaml file: params.yaml loaded successfully]
[2024-03-21 13:40:56,215: INFO: common: created directory at: artifacts]
[2024-03-21 13:40:56,215: INFO: common: created directory at: artifacts]
[2024-03-21 13:41:59,947: INFO: common: yaml file: config/config.yaml loaded successfully]
[2024-03-21 13:41:59,948: INFO: common: yaml file: params.yaml loaded successfully]
[2024-03-21 13:41:59,948: INFO: common: created directory at: artifacts]
[2024-03-21 13:41:59,949: INFO: common: created directory at: artifacts]
[2024-03-21 13:42:33,610: INFO: common: yaml file: config/config.yaml loaded successfully]
[2024-03-21 13:42:33,611: INFO: common: yaml file: params.yaml loaded successfully]
[2024-03-21 13:42:33,612: INFO: common: created directory at: artifacts]
[2024-03-21 13:42:33,613: INFO: common: created directory at: artifacts]
[2024-03-21 13:43:47,595: INFO: common: yaml file: config/config.yaml loaded successfully]
[2024-03-21 13:43:47,597: INFO: common: yaml file: params.yaml loaded successfully]
[2024-03-21 13:43:47,598: INFO: common: created directory at: artifacts]
[2024-03-21 13:43:47,598: INFO: common: created directory at: artifacts]
[2024-03-21 13:45:54,114: INFO: common: yaml file: config/config.yaml loaded successfully]
[2024-03-21 13:45:54,116: INFO: common: yaml file: params.yaml loaded successfully]
[2024-03-21 13:45:54,117: INFO: common: created directory at: artifacts]
[2024-03-21 13:48:45,182: INFO: common: yaml file: config/config.yaml loaded successfully]
[2024-03-21 13:48:45,184: INFO: common: yaml file: params.yaml loaded successfully]
[2024-03-21 13:48:45,185: INFO: common: created directory at: artifacts]
[2024-03-21 13:48:45,185: INFO: common: created directory at: artifacts/data_transformation]
[2024-03-21 13:49:39,183: INFO: common: yaml file: config/config.yaml loaded successfully]
[2024-03-21 13:49:39,184: INFO: common: yaml file: params.yaml loaded successfully]
[2024-03-21 13:49:39,185: INFO: common: created directory at: artifacts]
[2024-03-21 13:49:39,185: INFO: common: created directory at: artifacts/data_transformation]
[2024-03-21 13:50:26,646: INFO: common: yaml file: config/config.yaml loaded successfully]
[2024-03-21 13:50:26,647: INFO: common: yaml file: params.yaml loaded successfully]
[2024-03-21 13:50:26,647: INFO: common: created directory at: artifacts]
[2024-03-21 13:50:26,648: INFO: common: created directory at: artifacts/data_transformation]
[2024-03-21 13:50:38,077: INFO: common: yaml file: config/config.yaml loaded successfully]
[2024-03-21 13:50:38,078: INFO: common: yaml file: params.yaml loaded successfully]
[2024-03-21 13:50:38,079: INFO: common: created directory at: artifacts]
[2024-03-21 13:50:38,080: INFO: common: created directory at: artifacts/data_transformation]
[2024-03-21 13:50:59,237: INFO: config: PyTorch version 2.2.1 available.]
[2024-03-21 13:51:06,318: INFO: common: yaml file: config/config.yaml loaded successfully]
[2024-03-21 13:51:06,319: INFO: common: yaml file: params.yaml loaded successfully]
[2024-03-21 13:51:06,320: INFO: common: created directory at: artifacts]
[2024-03-21 13:51:06,321: INFO: common: created directory at: artifacts/data_transformation]
[2024-03-21 13:53:59,280: INFO: common: yaml file: config/config.yaml loaded successfully]
[2024-03-21 13:53:59,281: INFO: common: yaml file: params.yaml loaded successfully]
[2024-03-21 13:53:59,282: INFO: common: created directory at: artifacts]
[2024-03-21 13:53:59,283: INFO: common: created directory at: artifacts/data_transformation]
[2024-03-21 13:54:51,481: INFO: common: yaml file: config/config.yaml loaded successfully]
[2024-03-21 13:54:51,483: INFO: common: yaml file: params.yaml loaded successfully]
[2024-03-21 13:54:51,484: INFO: common: created directory at: artifacts]
[2024-03-21 13:54:51,485: INFO: common: created directory at: artifacts/data_transformation]
[2024-03-21 13:56:03,474: INFO: common: yaml file: config/config.yaml loaded successfully]
[2024-03-21 13:56:03,476: INFO: common: yaml file: params.yaml loaded successfully]
[2024-03-21 13:56:03,476: INFO: common: created directory at: artifacts]
[2024-03-21 13:56:03,477: INFO: common: created directory at: artifacts/data_transformation]
[2024-03-21 13:56:18,885: INFO: common: yaml file: config/config.yaml loaded successfully]
[2024-03-21 13:56:18,887: INFO: common: yaml file: params.yaml loaded successfully]
[2024-03-21 13:56:18,888: INFO: common: created directory at: artifacts]
[2024-03-21 13:56:18,888: INFO: common: created directory at: artifacts/data_transformation]
[2024-03-21 13:56:26,732: INFO: common: yaml file: config/config.yaml loaded successfully]
[2024-03-21 13:56:26,734: INFO: common: yaml file: params.yaml loaded successfully]
[2024-03-21 13:56:26,734: INFO: common: created directory at: artifacts]
[2024-03-21 13:56:26,735: INFO: common: created directory at: artifacts/data_transformation]
[2024-03-21 13:57:11,796: INFO: config: PyTorch version 2.2.1 available.]
[2024-03-21 13:57:13,636: INFO: common: yaml file: config/config.yaml loaded successfully]
[2024-03-21 13:57:13,638: INFO: common: yaml file: params.yaml loaded successfully]
[2024-03-21 13:57:13,639: INFO: common: created directory at: artifacts]
[2024-03-21 13:57:13,639: INFO: common: created directory at: artifacts/data_transformation]
[2024-03-21 13:57:39,520: INFO: common: yaml file: config/config.yaml loaded successfully]
[2024-03-21 13:57:39,522: INFO: common: yaml file: params.yaml loaded successfully]
[2024-03-21 13:57:39,522: INFO: common: created directory at: artifacts]
[2024-03-21 13:57:39,523: INFO: common: created directory at: artifacts/data_transformation]
[2024-03-26 15:44:52,055: INFO: config: PyTorch version 2.2.1 available.]
[2024-03-26 15:44:52,174: INFO: main: >>>>>> stage Data Ingestion stage started <<<<<<]
[2024-03-26 15:44:52,175: INFO: common: yaml file: config/config.yaml loaded successfully]
[2024-03-26 15:44:52,176: INFO: common: yaml file: params.yaml loaded successfully]
[2024-03-26 15:44:52,176: INFO: common: created directory at: artifacts]
[2024-03-26 15:44:52,176: INFO: common: created directory at: artifacts/data_ingestion]
[2024-03-26 15:44:54,530: INFO: data_ingestion: artifacts/data_ingestion/summarizer-data.zip download! with following info: 
Connection: close
Content-Length: 7903594
Cache-Control: max-age=300
Content-Security-Policy: default-src 'none'; style-src 'unsafe-inline'; sandbox
Content-Type: application/zip
ETag: "dbc016a060da18070593b83afff580c9b300f0b6ea4147a7988433e04df246ca"
Strict-Transport-Security: max-age=31536000
X-Content-Type-Options: nosniff
X-Frame-Options: deny
X-XSS-Protection: 1; mode=block
X-GitHub-Request-Id: 2CF6:4AA13:40FC17:56FB7A:6602A01D
Accept-Ranges: bytes
Date: Tue, 26 Mar 2024 10:14:53 GMT
Via: 1.1 varnish
X-Served-By: cache-del21739-DEL
X-Cache: MISS
X-Cache-Hits: 0
X-Timer: S1711448093.276334,VS0,VE693
Vary: Authorization,Accept-Encoding,Origin
Access-Control-Allow-Origin: *
Cross-Origin-Resource-Policy: cross-origin
X-Fastly-Request-ID: a9d72ca5c419dedd79767e929676f23f2c9da5ab
Expires: Tue, 26 Mar 2024 10:19:53 GMT
Source-Age: 0

]
[2024-03-26 15:44:54,645: INFO: main: >>>>>> stage Data Ingestion stage completed <<<<<<

x==========x]
[2024-03-26 15:44:54,645: INFO: main: >>>>>> stage Data Validation stage started <<<<<<]
[2024-03-26 15:44:54,646: INFO: common: yaml file: config/config.yaml loaded successfully]
[2024-03-26 15:44:54,647: INFO: common: yaml file: params.yaml loaded successfully]
[2024-03-26 15:44:54,647: INFO: common: created directory at: artifacts]
[2024-03-26 15:44:54,647: INFO: common: created directory at: artifacts/data_validation]
[2024-03-26 15:44:54,647: INFO: main: >>>>>> stage Data Validation stage completed <<<<<<

x==========x]
[2024-03-26 15:44:54,647: INFO: main: >>>>>>> stage Data Transformation stage started <<<<<<]
[2024-03-26 15:44:54,648: INFO: common: yaml file: config/config.yaml loaded successfully]
[2024-03-26 15:44:54,648: INFO: common: yaml file: params.yaml loaded successfully]
[2024-03-26 15:44:54,648: INFO: common: created directory at: artifacts]
[2024-03-26 15:44:54,649: INFO: common: created directory at: artifacts/data_transformation]
[2024-03-26 15:44:58,170: INFO: main: >>>>>>>> stage Data Transformation stage completed <<<<<<

x==========x]
[2024-03-26 16:46:09,475: INFO: config: PyTorch version 2.2.1 available.]
[2024-03-26 16:48:50,259: INFO: common: yaml file: config/config.yaml loaded successfully]
[2024-03-26 16:48:50,261: INFO: common: yaml file: params.yaml loaded successfully]
[2024-03-26 16:48:50,262: INFO: common: created directory at: artifacts]
[2024-03-26 16:48:50,263: INFO: common: created directory at: artifacts/model_trainer]
[2024-03-26 16:50:50,545: INFO: config: PyTorch version 2.2.1 available.]
[2024-03-26 16:50:50,650: INFO: main: >>>>>> stage Data Ingestion stage started <<<<<<]
[2024-03-26 16:50:50,652: INFO: common: yaml file: config/config.yaml loaded successfully]
[2024-03-26 16:50:50,653: INFO: common: yaml file: params.yaml loaded successfully]
[2024-03-26 16:50:50,653: INFO: common: created directory at: artifacts]
[2024-03-26 16:50:50,654: INFO: common: created directory at: artifacts/data_ingestion]
[2024-03-26 16:50:52,782: INFO: data_ingestion: artifacts/data_ingestion/summarizer-data.zip download! with following info: 
Connection: close
Content-Length: 7903594
Cache-Control: max-age=300
Content-Security-Policy: default-src 'none'; style-src 'unsafe-inline'; sandbox
Content-Type: application/zip
ETag: "dbc016a060da18070593b83afff580c9b300f0b6ea4147a7988433e04df246ca"
Strict-Transport-Security: max-age=31536000
X-Content-Type-Options: nosniff
X-Frame-Options: deny
X-XSS-Protection: 1; mode=block
X-GitHub-Request-Id: 2CF6:4AA13:40FC17:56FB7A:6602A01D
Accept-Ranges: bytes
Date: Tue, 26 Mar 2024 11:20:52 GMT
Via: 1.1 varnish
X-Served-By: cache-del21750-DEL
X-Cache: HIT
X-Cache-Hits: 0
X-Timer: S1711452052.836853,VS0,VE267
Vary: Authorization,Accept-Encoding,Origin
Access-Control-Allow-Origin: *
Cross-Origin-Resource-Policy: cross-origin
X-Fastly-Request-ID: d8f1fe25aa57baa5c17437b0365475eece634b37
Expires: Tue, 26 Mar 2024 11:25:52 GMT
Source-Age: 0

]
[2024-03-26 16:50:52,900: INFO: main: >>>>>> stage Data Ingestion stage completed <<<<<<

x==========x]
[2024-03-26 16:50:52,900: INFO: main: >>>>>> stage Data Validation stage started <<<<<<]
[2024-03-26 16:50:52,902: INFO: common: yaml file: config/config.yaml loaded successfully]
[2024-03-26 16:50:52,903: INFO: common: yaml file: params.yaml loaded successfully]
[2024-03-26 16:50:52,903: INFO: common: created directory at: artifacts]
[2024-03-26 16:50:52,903: INFO: common: created directory at: artifacts/data_validation]
[2024-03-26 16:50:52,903: INFO: main: >>>>>> stage Data Validation stage completed <<<<<<

x==========x]
[2024-03-26 16:50:52,903: INFO: main: >>>>>>> stage Data Transformation stage started <<<<<<]
[2024-03-26 16:50:52,904: INFO: common: yaml file: config/config.yaml loaded successfully]
[2024-03-26 16:50:52,905: INFO: common: yaml file: params.yaml loaded successfully]
[2024-03-26 16:50:52,906: INFO: common: created directory at: artifacts]
[2024-03-26 16:50:52,906: INFO: common: created directory at: artifacts/data_transformation]
[2024-03-26 16:50:54,332: ERROR: main: Directory artifacts/data_transformation/samsum_dataset not found]
Traceback (most recent call last):
  File "/home/varun/Documents/TextSummarization/main.py", line 31, in <module>
    data_transformation.main()
  File "/home/varun/Documents/TextSummarization/src/textSummarizer/pipeline/stage_03_data_transformation.py", line 12, in main
    data_transformation.convert()
  File "/home/varun/Documents/TextSummarization/src/textSummarizer/components/data_transformation.py", line 26, in convert
    dataset_samsum = load_from_disk(self.config.data_path)
  File "/home/varun/Documents/TextSummarization/.venv/lib/python3.10/site-packages/datasets/load.py", line 2663, in load_from_disk
    raise FileNotFoundError(f"Directory {dataset_path} not found")
FileNotFoundError: Directory artifacts/data_transformation/samsum_dataset not found
[2024-03-26 16:52:23,375: INFO: config: PyTorch version 2.2.1 available.]
[2024-03-26 16:52:23,497: INFO: main: >>>>>> stage Data Ingestion stage started <<<<<<]
[2024-03-26 16:52:23,498: INFO: common: yaml file: config/config.yaml loaded successfully]
[2024-03-26 16:52:23,499: INFO: common: yaml file: params.yaml loaded successfully]
[2024-03-26 16:52:23,500: INFO: common: created directory at: artifacts]
[2024-03-26 16:52:23,500: INFO: common: created directory at: artifacts/data_ingestion]
[2024-03-26 16:52:23,500: INFO: data_ingestion: File already exists of size: ~7718 KB]
[2024-03-26 16:52:23,652: INFO: main: >>>>>> stage Data Ingestion stage completed <<<<<<

x==========x]
[2024-03-26 16:52:23,652: INFO: main: >>>>>> stage Data Validation stage started <<<<<<]
[2024-03-26 16:52:23,654: INFO: common: yaml file: config/config.yaml loaded successfully]
[2024-03-26 16:52:23,655: INFO: common: yaml file: params.yaml loaded successfully]
[2024-03-26 16:52:23,655: INFO: common: created directory at: artifacts]
[2024-03-26 16:52:23,655: INFO: common: created directory at: artifacts/data_validation]
[2024-03-26 16:52:23,656: INFO: main: >>>>>> stage Data Validation stage completed <<<<<<

x==========x]
[2024-03-26 16:52:23,656: INFO: main: >>>>>>> stage Data Transformation stage started <<<<<<]
[2024-03-26 16:52:23,657: INFO: common: yaml file: config/config.yaml loaded successfully]
[2024-03-26 16:52:23,658: INFO: common: yaml file: params.yaml loaded successfully]
[2024-03-26 16:52:23,658: INFO: common: created directory at: artifacts]
[2024-03-26 16:52:23,658: INFO: common: created directory at: artifacts/data_transformation]
[2024-03-26 16:52:25,052: ERROR: main: Directory artifacts/data_transformation/samsum_dataset not found]
Traceback (most recent call last):
  File "/home/varun/Documents/TextSummarization/main.py", line 31, in <module>
    data_transformation.main()
  File "/home/varun/Documents/TextSummarization/src/textSummarizer/pipeline/stage_03_data_transformation.py", line 12, in main
    data_transformation.convert()
  File "/home/varun/Documents/TextSummarization/src/textSummarizer/components/data_transformation.py", line 26, in convert
    dataset_samsum = load_from_disk(self.config.data_path)
  File "/home/varun/Documents/TextSummarization/.venv/lib/python3.10/site-packages/datasets/load.py", line 2663, in load_from_disk
    raise FileNotFoundError(f"Directory {dataset_path} not found")
FileNotFoundError: Directory artifacts/data_transformation/samsum_dataset not found
[2024-03-26 16:53:06,958: INFO: config: PyTorch version 2.2.1 available.]
[2024-03-26 16:53:07,060: INFO: main: >>>>>> stage Data Ingestion stage started <<<<<<]
[2024-03-26 16:53:07,062: INFO: common: yaml file: config/config.yaml loaded successfully]
[2024-03-26 16:53:07,063: INFO: common: yaml file: params.yaml loaded successfully]
[2024-03-26 16:53:07,063: INFO: common: created directory at: artifacts]
[2024-03-26 16:53:07,063: INFO: common: created directory at: artifacts/data_ingestion]
[2024-03-26 16:53:08,197: INFO: data_ingestion: artifacts/data_ingestion/data.zip download! with following info: 
Connection: close
Content-Length: 7903594
Cache-Control: max-age=300
Content-Security-Policy: default-src 'none'; style-src 'unsafe-inline'; sandbox
Content-Type: application/zip
ETag: "dbc016a060da18070593b83afff580c9b300f0b6ea4147a7988433e04df246ca"
Strict-Transport-Security: max-age=31536000
X-Content-Type-Options: nosniff
X-Frame-Options: deny
X-XSS-Protection: 1; mode=block
X-GitHub-Request-Id: 2CF6:4AA13:40FC17:56FB7A:6602A01D
Accept-Ranges: bytes
Date: Tue, 26 Mar 2024 11:23:07 GMT
Via: 1.1 varnish
X-Served-By: cache-del21743-DEL
X-Cache: HIT
X-Cache-Hits: 0
X-Timer: S1711452188.666046,VS0,VE1
Vary: Authorization,Accept-Encoding,Origin
Access-Control-Allow-Origin: *
Cross-Origin-Resource-Policy: cross-origin
X-Fastly-Request-ID: f904f894c31603e9d77010c407cf52fce252da6e
Expires: Tue, 26 Mar 2024 11:28:07 GMT
Source-Age: 136

]
[2024-03-26 16:53:08,349: INFO: main: >>>>>> stage Data Ingestion stage completed <<<<<<

x==========x]
[2024-03-26 16:53:08,349: INFO: main: >>>>>> stage Data Validation stage started <<<<<<]
[2024-03-26 16:53:08,351: INFO: common: yaml file: config/config.yaml loaded successfully]
[2024-03-26 16:53:08,352: INFO: common: yaml file: params.yaml loaded successfully]
[2024-03-26 16:53:08,352: INFO: common: created directory at: artifacts]
[2024-03-26 16:53:08,352: INFO: common: created directory at: artifacts/data_validation]
[2024-03-26 16:53:08,353: INFO: main: >>>>>> stage Data Validation stage completed <<<<<<

x==========x]
[2024-03-26 16:53:08,353: INFO: main: >>>>>>> stage Data Transformation stage started <<<<<<]
[2024-03-26 16:53:08,355: INFO: common: yaml file: config/config.yaml loaded successfully]
[2024-03-26 16:53:08,356: INFO: common: yaml file: params.yaml loaded successfully]
[2024-03-26 16:53:08,356: INFO: common: created directory at: artifacts]
[2024-03-26 16:53:08,356: INFO: common: created directory at: artifacts/data_transformation]
[2024-03-26 16:53:11,915: INFO: main: >>>>>>>> stage Data Transformation stage completed <<<<<<

x==========x]
[2024-03-26 16:53:21,198: INFO: common: yaml file: config/config.yaml loaded successfully]
[2024-03-26 16:53:21,200: INFO: common: yaml file: params.yaml loaded successfully]
[2024-03-26 16:53:21,200: INFO: common: created directory at: artifacts]
[2024-03-26 16:53:21,201: INFO: common: created directory at: artifacts/model_trainer]
[2024-03-26 17:00:08,598: INFO: common: yaml file: config/config.yaml loaded successfully]
[2024-03-26 17:00:08,602: INFO: common: yaml file: params.yaml loaded successfully]
[2024-03-26 17:00:08,603: INFO: common: created directory at: artifacts]
[2024-03-26 17:00:08,603: INFO: common: created directory at: artifacts/model_trainer]
[2024-03-26 17:01:51,371: INFO: config: PyTorch version 2.2.1 available.]
[2024-03-26 17:01:51,497: INFO: main: >>>>>> stage Data Ingestion stage started <<<<<<]
[2024-03-26 17:01:51,499: INFO: common: yaml file: config/config.yaml loaded successfully]
[2024-03-26 17:01:51,500: INFO: common: yaml file: params.yaml loaded successfully]
[2024-03-26 17:01:51,500: INFO: common: created directory at: artifacts]
[2024-03-26 17:01:51,500: INFO: common: created directory at: artifacts/data_ingestion]
[2024-03-26 17:01:52,785: INFO: data_ingestion: artifacts/data_ingestion/data.zip download! with following info: 
Connection: close
Content-Length: 7903594
Cache-Control: max-age=300
Content-Security-Policy: default-src 'none'; style-src 'unsafe-inline'; sandbox
Content-Type: application/zip
ETag: "dbc016a060da18070593b83afff580c9b300f0b6ea4147a7988433e04df246ca"
Strict-Transport-Security: max-age=31536000
X-Content-Type-Options: nosniff
X-Frame-Options: deny
X-XSS-Protection: 1; mode=block
X-GitHub-Request-Id: 2CF6:4AA13:40FC17:56FB7A:6602A01D
Accept-Ranges: bytes
Date: Tue, 26 Mar 2024 11:31:52 GMT
Via: 1.1 varnish
X-Served-By: cache-del21726-DEL
X-Cache: HIT
X-Cache-Hits: 0
X-Timer: S1711452712.023443,VS0,VE276
Vary: Authorization,Accept-Encoding,Origin
Access-Control-Allow-Origin: *
Cross-Origin-Resource-Policy: cross-origin
X-Fastly-Request-ID: f83b9c552d747a208d328add07de060a6c1ba5e8
Expires: Tue, 26 Mar 2024 11:36:52 GMT
Source-Age: 0

]
[2024-03-26 17:01:52,900: INFO: main: >>>>>> stage Data Ingestion stage completed <<<<<<

x==========x]
[2024-03-26 17:01:52,900: INFO: main: >>>>>> stage Data Validation stage started <<<<<<]
[2024-03-26 17:01:52,902: INFO: common: yaml file: config/config.yaml loaded successfully]
[2024-03-26 17:01:52,903: INFO: common: yaml file: params.yaml loaded successfully]
[2024-03-26 17:01:52,903: INFO: common: created directory at: artifacts]
[2024-03-26 17:01:52,903: INFO: common: created directory at: artifacts/data_validation]
[2024-03-26 17:01:52,903: INFO: main: >>>>>> stage Data Validation stage completed <<<<<<

x==========x]
[2024-03-26 17:01:52,903: INFO: main: >>>>>>> stage Data Transformation stage started <<<<<<]
[2024-03-26 17:01:52,905: INFO: common: yaml file: config/config.yaml loaded successfully]
[2024-03-26 17:01:52,906: INFO: common: yaml file: params.yaml loaded successfully]
[2024-03-26 17:01:52,906: INFO: common: created directory at: artifacts]
[2024-03-26 17:01:52,906: INFO: common: created directory at: artifacts/data_transformation]
[2024-03-26 17:01:55,950: INFO: main: >>>>>>>> stage Data Transformation stage completed <<<<<<

x==========x]
[2024-03-26 17:03:47,626: INFO: config: PyTorch version 2.2.1 available.]
[2024-03-26 17:03:47,722: INFO: main: >>>>>> stage Data Ingestion stage started <<<<<<]
[2024-03-26 17:03:47,724: INFO: common: yaml file: config/config.yaml loaded successfully]
[2024-03-26 17:03:47,725: INFO: common: yaml file: params.yaml loaded successfully]
[2024-03-26 17:03:47,725: INFO: common: created directory at: artifacts]
[2024-03-26 17:03:47,725: INFO: common: created directory at: artifacts/data_ingestion]
[2024-03-26 17:03:48,421: INFO: data_ingestion: artifacts/data_ingestion/data.zip download! with following info: 
Connection: close
Content-Length: 7903594
Cache-Control: max-age=300
Content-Security-Policy: default-src 'none'; style-src 'unsafe-inline'; sandbox
Content-Type: application/zip
ETag: "dbc016a060da18070593b83afff580c9b300f0b6ea4147a7988433e04df246ca"
Strict-Transport-Security: max-age=31536000
X-Content-Type-Options: nosniff
X-Frame-Options: deny
X-XSS-Protection: 1; mode=block
X-GitHub-Request-Id: 2CF6:4AA13:40FC17:56FB7A:6602A01D
Accept-Ranges: bytes
Date: Tue, 26 Mar 2024 11:33:47 GMT
Via: 1.1 varnish
X-Served-By: cache-del21739-DEL
X-Cache: HIT
X-Cache-Hits: 1
X-Timer: S1711452828.927613,VS0,VE7
Vary: Authorization,Accept-Encoding,Origin
Access-Control-Allow-Origin: *
Cross-Origin-Resource-Policy: cross-origin
X-Fastly-Request-ID: 5e844e5140978acdac64ae910d86e085e5eee37e
Expires: Tue, 26 Mar 2024 11:38:47 GMT
Source-Age: 116

]
[2024-03-26 17:03:48,534: INFO: main: >>>>>> stage Data Ingestion stage completed <<<<<<

x==========x]
[2024-03-26 17:03:48,534: INFO: main: >>>>>> stage Data Validation stage started <<<<<<]
[2024-03-26 17:03:48,536: INFO: common: yaml file: config/config.yaml loaded successfully]
[2024-03-26 17:03:48,537: INFO: common: yaml file: params.yaml loaded successfully]
[2024-03-26 17:03:48,537: INFO: common: created directory at: artifacts]
[2024-03-26 17:03:48,537: INFO: common: created directory at: artifacts/data_validation]
[2024-03-26 17:03:48,537: INFO: main: >>>>>> stage Data Validation stage completed <<<<<<

x==========x]
[2024-03-26 17:03:48,537: INFO: main: >>>>>>> stage Data Transformation stage started <<<<<<]
[2024-03-26 17:03:48,539: INFO: common: yaml file: config/config.yaml loaded successfully]
[2024-03-26 17:03:48,540: INFO: common: yaml file: params.yaml loaded successfully]
[2024-03-26 17:03:48,540: INFO: common: created directory at: artifacts]
[2024-03-26 17:03:48,540: INFO: common: created directory at: artifacts/data_transformation]
[2024-03-26 17:03:51,973: INFO: main: >>>>>>>> stage Data Transformation stage completed <<<<<<

x==========x]
[2024-03-26 17:08:20,651: INFO: common: yaml file: config/config.yaml loaded successfully]
[2024-03-26 17:08:20,654: INFO: common: yaml file: params.yaml loaded successfully]
[2024-03-26 17:08:20,654: INFO: common: created directory at: artifacts]
[2024-03-26 17:08:20,655: INFO: common: created directory at: artifacts/model_trainer]
[2024-03-26 17:09:07,441: INFO: config: PyTorch version 2.2.1 available.]
[2024-03-26 17:09:07,582: INFO: main: >>>>>> stage Data Ingestion stage started <<<<<<]
[2024-03-26 17:09:07,584: INFO: common: yaml file: config/config.yaml loaded successfully]
[2024-03-26 17:09:07,585: INFO: common: yaml file: params.yaml loaded successfully]
[2024-03-26 17:09:07,585: INFO: common: created directory at: artifacts]
[2024-03-26 17:09:07,585: INFO: common: created directory at: artifacts/data_ingestion]
[2024-03-26 17:09:09,172: INFO: data_ingestion: artifacts/data_ingestion/data.zip download! with following info: 
Connection: close
Content-Length: 7903594
Cache-Control: max-age=300
Content-Security-Policy: default-src 'none'; style-src 'unsafe-inline'; sandbox
Content-Type: application/zip
ETag: "dbc016a060da18070593b83afff580c9b300f0b6ea4147a7988433e04df246ca"
Strict-Transport-Security: max-age=31536000
X-Content-Type-Options: nosniff
X-Frame-Options: deny
X-XSS-Protection: 1; mode=block
X-GitHub-Request-Id: 2CF6:4AA13:40FC17:56FB7A:6602A01D
Accept-Ranges: bytes
Date: Tue, 26 Mar 2024 11:39:08 GMT
Via: 1.1 varnish
X-Served-By: cache-del21748-DEL
X-Cache: HIT
X-Cache-Hits: 0
X-Timer: S1711453148.304760,VS0,VE308
Vary: Authorization,Accept-Encoding,Origin
Access-Control-Allow-Origin: *
Cross-Origin-Resource-Policy: cross-origin
X-Fastly-Request-ID: 1716ae2ab5b381c48de9ca3d2700aa53311f3272
Expires: Tue, 26 Mar 2024 11:44:08 GMT
Source-Age: 0

]
[2024-03-26 17:09:09,289: INFO: main: >>>>>> stage Data Ingestion stage completed <<<<<<

x==========x]
[2024-03-26 17:09:09,289: INFO: main: >>>>>> stage Data Validation stage started <<<<<<]
[2024-03-26 17:09:09,292: INFO: common: yaml file: config/config.yaml loaded successfully]
[2024-03-26 17:09:09,293: INFO: common: yaml file: params.yaml loaded successfully]
[2024-03-26 17:09:09,293: INFO: common: created directory at: artifacts]
[2024-03-26 17:09:09,293: INFO: common: created directory at: artifacts/data_validation]
[2024-03-26 17:09:09,293: INFO: main: >>>>>> stage Data Validation stage completed <<<<<<

x==========x]
[2024-03-26 17:09:09,293: INFO: main: >>>>>>> stage Data Transformation stage started <<<<<<]
[2024-03-26 17:09:09,295: INFO: common: yaml file: config/config.yaml loaded successfully]
[2024-03-26 17:09:09,296: INFO: common: yaml file: params.yaml loaded successfully]
[2024-03-26 17:09:09,296: INFO: common: created directory at: artifacts]
[2024-03-26 17:09:09,296: INFO: common: created directory at: artifacts/data_transformation]
[2024-03-26 17:09:12,549: INFO: main: >>>>>>>> stage Data Transformation stage completed <<<<<<

x==========x]
[2024-03-26 17:09:22,608: INFO: common: yaml file: config/config.yaml loaded successfully]
[2024-03-26 17:09:22,609: INFO: common: yaml file: params.yaml loaded successfully]
[2024-03-26 17:09:22,610: INFO: common: created directory at: artifacts]
[2024-03-26 17:09:22,611: INFO: common: created directory at: artifacts/model_trainer]
[2024-03-26 17:11:58,902: INFO: common: yaml file: config/config.yaml loaded successfully]
[2024-03-26 17:11:58,905: INFO: common: yaml file: params.yaml loaded successfully]
[2024-03-26 17:11:58,906: INFO: common: created directory at: artifacts]
[2024-03-26 17:11:58,906: INFO: common: created directory at: artifacts/model_trainer]
[2024-03-26 17:12:21,462: INFO: common: yaml file: config/config.yaml loaded successfully]
[2024-03-26 17:12:21,464: INFO: common: yaml file: params.yaml loaded successfully]
[2024-03-26 17:12:21,465: INFO: common: created directory at: artifacts]
[2024-03-26 17:12:21,465: INFO: common: created directory at: artifacts/model_trainer]
[2024-03-26 17:12:28,315: INFO: common: yaml file: config/config.yaml loaded successfully]
[2024-03-26 17:12:28,317: INFO: common: yaml file: params.yaml loaded successfully]
[2024-03-26 17:12:28,318: INFO: common: created directory at: artifacts]
[2024-03-26 17:12:28,319: INFO: common: created directory at: artifacts/model_trainer]
[2024-03-26 17:26:29,404: INFO: config: PyTorch version 2.2.1 available.]
[2024-03-26 17:26:33,315: INFO: common: yaml file: config/config.yaml loaded successfully]
[2024-03-26 17:26:33,317: INFO: common: yaml file: params.yaml loaded successfully]
[2024-03-26 17:26:33,318: INFO: common: created directory at: artifacts]
[2024-03-26 17:26:33,318: INFO: common: created directory at: artifacts/model_trainer]
[2024-03-26 17:27:13,558: INFO: config: PyTorch version 2.2.1 available.]
[2024-03-26 17:27:15,043: INFO: common: yaml file: config/config.yaml loaded successfully]
[2024-03-26 17:27:15,044: INFO: common: yaml file: params.yaml loaded successfully]
[2024-03-26 17:27:15,045: INFO: common: created directory at: artifacts]
[2024-03-26 17:27:15,046: INFO: common: created directory at: artifacts/model_trainer]
[2024-03-26 17:28:49,569: INFO: config: PyTorch version 2.2.1 available.]
[2024-03-26 17:28:50,145: INFO: common: yaml file: config/config.yaml loaded successfully]
[2024-03-26 17:28:50,146: INFO: common: yaml file: params.yaml loaded successfully]
[2024-03-26 17:28:50,147: INFO: common: created directory at: artifacts]
[2024-03-26 17:28:50,148: INFO: common: created directory at: artifacts/model_trainer]
[2024-03-26 17:42:53,978: INFO: config: PyTorch version 2.2.1 available.]
[2024-03-26 17:42:54,918: INFO: main: >>>>>> stage Data Ingestion stage started <<<<<<]
[2024-03-26 17:42:54,920: INFO: common: yaml file: config/config.yaml loaded successfully]
[2024-03-26 17:42:54,921: INFO: common: yaml file: params.yaml loaded successfully]
[2024-03-26 17:42:54,921: INFO: common: created directory at: artifacts]
[2024-03-26 17:42:54,922: INFO: common: created directory at: artifacts/data_ingestion]
[2024-03-26 17:42:54,922: INFO: data_ingestion: File already exists of size: ~7718 KB]
[2024-03-26 17:42:55,064: INFO: main: >>>>>> stage Data Ingestion stage completed <<<<<<

x==========x]
[2024-03-26 17:42:55,064: INFO: main: >>>>>> stage Data Validation stage started <<<<<<]
[2024-03-26 17:42:55,066: INFO: common: yaml file: config/config.yaml loaded successfully]
[2024-03-26 17:42:55,067: INFO: common: yaml file: params.yaml loaded successfully]
[2024-03-26 17:42:55,067: INFO: common: created directory at: artifacts]
[2024-03-26 17:42:55,067: INFO: common: created directory at: artifacts/data_validation]
[2024-03-26 17:42:55,067: INFO: main: >>>>>> stage Data Validation stage completed <<<<<<

x==========x]
[2024-03-26 17:42:55,067: INFO: main: >>>>>>> stage Data Transformation stage started <<<<<<]
[2024-03-26 17:42:55,069: INFO: common: yaml file: config/config.yaml loaded successfully]
[2024-03-26 17:42:55,070: INFO: common: yaml file: params.yaml loaded successfully]
[2024-03-26 17:42:55,070: INFO: common: created directory at: artifacts]
[2024-03-26 17:42:55,070: INFO: common: created directory at: artifacts/data_transformation]
[2024-03-26 17:42:56,170: INFO: main: >>>>>>>> stage Data Transformation stage completed <<<<<<

x==========x]
[2024-03-26 17:42:56,171: INFO: main: >>>>>>> stage Model Training stage started <<<<<<]
[2024-03-26 17:42:56,171: ERROR: main: 'tuple' object has no attribute 'main']
Traceback (most recent call last):
  File "/home/varun/Documents/TextSummarization/main.py", line 43, in <module>
    data_transformation.main()
AttributeError: 'tuple' object has no attribute 'main'
[2024-03-26 17:43:37,479: INFO: config: PyTorch version 2.2.1 available.]
[2024-03-26 17:43:38,218: INFO: main: >>>>>> stage Data Ingestion stage started <<<<<<]
[2024-03-26 17:43:38,220: INFO: common: yaml file: config/config.yaml loaded successfully]
[2024-03-26 17:43:38,221: INFO: common: yaml file: params.yaml loaded successfully]
[2024-03-26 17:43:38,225: INFO: common: created directory at: artifacts]
[2024-03-26 17:43:38,225: INFO: common: created directory at: artifacts/data_ingestion]
[2024-03-26 17:43:39,568: INFO: data_ingestion: artifacts/data_ingestion/data.zip download! with following info: 
Connection: close
Content-Length: 7903594
Cache-Control: max-age=300
Content-Security-Policy: default-src 'none'; style-src 'unsafe-inline'; sandbox
Content-Type: application/zip
ETag: "dbc016a060da18070593b83afff580c9b300f0b6ea4147a7988433e04df246ca"
Strict-Transport-Security: max-age=31536000
X-Content-Type-Options: nosniff
X-Frame-Options: deny
X-XSS-Protection: 1; mode=block
X-GitHub-Request-Id: 2CF6:4AA13:40FC17:56FB7A:6602A01D
Accept-Ranges: bytes
Date: Tue, 26 Mar 2024 12:13:39 GMT
Via: 1.1 varnish
X-Served-By: cache-del21720-DEL
X-Cache: HIT
X-Cache-Hits: 0
X-Timer: S1711455219.006931,VS0,VE285
Vary: Authorization,Accept-Encoding,Origin
Access-Control-Allow-Origin: *
Cross-Origin-Resource-Policy: cross-origin
X-Fastly-Request-ID: 0df3823a6fd908eb326188b18ae85a2bbe38ae8a
Expires: Tue, 26 Mar 2024 12:18:39 GMT
Source-Age: 0

]
[2024-03-26 17:43:39,683: INFO: main: >>>>>> stage Data Ingestion stage completed <<<<<<

x==========x]
[2024-03-26 17:43:39,683: INFO: main: >>>>>> stage Data Validation stage started <<<<<<]
[2024-03-26 17:43:39,685: INFO: common: yaml file: config/config.yaml loaded successfully]
[2024-03-26 17:43:39,686: INFO: common: yaml file: params.yaml loaded successfully]
[2024-03-26 17:43:39,686: INFO: common: created directory at: artifacts]
[2024-03-26 17:43:39,686: INFO: common: created directory at: artifacts/data_validation]
[2024-03-26 17:43:39,686: INFO: main: >>>>>> stage Data Validation stage completed <<<<<<

x==========x]
[2024-03-26 17:43:39,686: INFO: main: >>>>>>> stage Data Transformation stage started <<<<<<]
[2024-03-26 17:43:39,688: INFO: common: yaml file: config/config.yaml loaded successfully]
[2024-03-26 17:43:39,689: INFO: common: yaml file: params.yaml loaded successfully]
[2024-03-26 17:43:39,689: INFO: common: created directory at: artifacts]
[2024-03-26 17:43:39,689: INFO: common: created directory at: artifacts/data_transformation]
[2024-03-26 17:43:43,012: INFO: main: >>>>>>>> stage Data Transformation stage completed <<<<<<

x==========x]
[2024-03-26 17:43:43,012: INFO: main: >>>>>>> stage Model Training stage started <<<<<<]
[2024-03-26 17:43:43,012: ERROR: main: 'tuple' object has no attribute 'main']
Traceback (most recent call last):
  File "/home/varun/Documents/TextSummarization/main.py", line 43, in <module>
    data_transformation.main()
AttributeError: 'tuple' object has no attribute 'main'
[2024-03-26 17:44:44,072: INFO: config: PyTorch version 2.2.1 available.]
[2024-03-26 17:44:44,820: INFO: main: >>>>>> stage Data Ingestion stage started <<<<<<]
[2024-03-26 17:44:44,822: INFO: common: yaml file: config/config.yaml loaded successfully]
[2024-03-26 17:44:44,823: INFO: common: yaml file: params.yaml loaded successfully]
[2024-03-26 17:44:44,823: INFO: common: created directory at: artifacts]
[2024-03-26 17:44:44,823: INFO: common: created directory at: artifacts/data_ingestion]
[2024-03-26 17:44:44,823: INFO: data_ingestion: File already exists of size: ~7718 KB]
[2024-03-26 17:44:44,967: INFO: main: >>>>>> stage Data Ingestion stage completed <<<<<<

x==========x]
[2024-03-26 17:44:44,967: INFO: main: >>>>>> stage Data Validation stage started <<<<<<]
[2024-03-26 17:44:44,969: INFO: common: yaml file: config/config.yaml loaded successfully]
[2024-03-26 17:44:44,970: INFO: common: yaml file: params.yaml loaded successfully]
[2024-03-26 17:44:44,970: INFO: common: created directory at: artifacts]
[2024-03-26 17:44:44,970: INFO: common: created directory at: artifacts/data_validation]
[2024-03-26 17:44:44,970: INFO: main: >>>>>> stage Data Validation stage completed <<<<<<

x==========x]
[2024-03-26 17:44:44,970: INFO: main: >>>>>>> stage Data Transformation stage started <<<<<<]
[2024-03-26 17:44:44,972: INFO: common: yaml file: config/config.yaml loaded successfully]
[2024-03-26 17:44:44,973: INFO: common: yaml file: params.yaml loaded successfully]
[2024-03-26 17:44:44,973: INFO: common: created directory at: artifacts]
[2024-03-26 17:44:44,973: INFO: common: created directory at: artifacts/data_transformation]
[2024-03-26 17:44:46,188: INFO: main: >>>>>>>> stage Data Transformation stage completed <<<<<<

x==========x]
[2024-03-26 17:44:46,188: INFO: main: *******************]
[2024-03-26 17:44:46,188: INFO: main: >>>>>> stage Model Trainer stage started <<<<<<]
[2024-03-26 17:44:46,191: INFO: common: yaml file: config/config.yaml loaded successfully]
[2024-03-26 17:44:46,192: INFO: common: yaml file: params.yaml loaded successfully]
[2024-03-26 17:44:46,193: INFO: common: created directory at: artifacts]
[2024-03-26 17:44:46,193: INFO: common: created directory at: artifacts/model_trainer]
